[INFO] Scanning for projects...
[INFO] 
[INFO] ---------------< uk.co.brggs.dynamicflink:dynamic-flink >---------------
[INFO] Building Dynamic Flink 0.1.0-SNAPSHOT
[INFO]   from pom.xml
[INFO] --------------------------------[ jar ]---------------------------------
[INFO] 
[INFO] --- resources:3.3.1:resources (default-resources) @ dynamic-flink ---
[INFO] Copying 2 resources from src/main/resources to target/classes
[INFO] 
[INFO] --- compiler:3.13.0:compile (default-compile) @ dynamic-flink ---
[INFO] Nothing to compile - all classes are up to date.
[INFO] 
[INFO] --- resources:3.3.1:testResources (default-testResources) @ dynamic-flink ---
[INFO] Copying 16 resources from src/test/resources to target/test-classes
[INFO] 
[INFO] --- compiler:3.13.0:testCompile (default-testCompile) @ dynamic-flink ---
[INFO] Recompiling the module because of changed source code.
[INFO] Compiling 42 source files with javac [debug target 17] to target/test-classes
[INFO] -------------------------------------------------------------
[WARNING] COMPILATION WARNING : 
[INFO] -------------------------------------------------------------
[WARNING] location of system modules is not set in conjunction with -source 17
  not setting the location of system modules may lead to class files that cannot run on JDK 17
    --release 17 is recommended instead of -source 17 -target 17 because it sets the location of system modules automatically
[INFO] 1 warning
[INFO] -------------------------------------------------------------
[INFO] -------------------------------------------------------------
[ERROR] COMPILATION ERROR : 
[INFO] -------------------------------------------------------------
[ERROR] /Users/ab/Documents/dev/dynamic-flink/flink-job/src/test/java/uk/co/brggs/dynamicflink/integration/UniqueThresholdIntegrationTest.java:[135,33] ';' expected
[ERROR] /Users/ab/Documents/dev/dynamic-flink/flink-job/src/test/java/uk/co/brggs/dynamicflink/integration/UniqueThresholdIntegrationTest.java:[177,33] ';' expected
[ERROR] /Users/ab/Documents/dev/dynamic-flink/flink-job/src/test/java/uk/co/brggs/dynamicflink/integration/UniqueThresholdIntegrationTest.java:[212,33] ';' expected
[ERROR] /Users/ab/Documents/dev/dynamic-flink/flink-job/src/test/java/uk/co/brggs/dynamicflink/integration/UniqueThresholdIntegrationTest.java:[247,33] ';' expected
[ERROR] /Users/ab/Documents/dev/dynamic-flink/flink-job/src/test/java/uk/co/brggs/dynamicflink/integration/UniqueThresholdIntegrationTest.java:[286,33] ';' expected
[INFO] 5 errors 
[INFO] -------------------------------------------------------------
[INFO] ------------------------------------------------------------------------
[INFO] BUILD FAILURE
[INFO] ------------------------------------------------------------------------
[INFO] Total time:  0.528 s
[INFO] Finished at: 2026-02-04T22:53:51Z
[INFO] ------------------------------------------------------------------------
[ERROR] Failed to execute goal org.apache.maven.plugins:maven-compiler-plugin:3.13.0:testCompile (default-testCompile) on project dynamic-flink: Compilation failure: Compilation failure: 
[ERROR] /Users/ab/Documents/dev/dynamic-flink/flink-job/src/test/java/uk/co/brggs/dynamicflink/integration/UniqueThresholdIntegrationTest.java:[135,33] ';' expected
[ERROR] /Users/ab/Documents/dev/dynamic-flink/flink-job/src/test/java/uk/co/brggs/dynamicflink/integration/UniqueThresholdIntegrationTest.java:[177,33] ';' expected
[ERROR] /Users/ab/Documents/dev/dynamic-flink/flink-job/src/test/java/uk/co/brggs/dynamicflink/integration/UniqueThresholdIntegrationTest.java:[212,33] ';' expected
[ERROR] /Users/ab/Documents/dev/dynamic-flink/flink-job/src/test/java/uk/co/brggs/dynamicflink/integration/UniqueThresholdIntegrationTest.java:[247,33] ';' expected
[ERROR] /Users/ab/Documents/dev/dynamic-flink/flink-job/src/test/java/uk/co/brggs/dynamicflink/integration/UniqueThresholdIntegrationTest.java:[286,33] ';' expected
[ERROR] -> [Help 1]
[ERROR] 
[ERROR] To see the full stack trace of the errors, re-run Maven with the -e switch.
[ERROR] Re-run Maven using the -X switch to enable full debug logging.
[ERROR] 
[ERROR] For more information about the errors and possible solutions, please read the following articles:
[ERROR] [Help 1] http://cwiki.apache.org/confluence/display/MAVEN/MojoFailureException
